1541878416310	mozrunner::runner	INFO	Running command: "/usr/bin/firefox" "-marionette" "-foreground" "-no-remote" "-profile" "/tmp/rust_mozprofile.WCmS7o53QA3e"
console.error: "Could not write session state file " (new Error("_initWorker called too early! Please read the session file from disk first.", "resource:///modules/sessionstore/SessionFile.jsm", 337)) "_initWorker/<@resource:///modules/sessionstore/SessionFile.jsm:337:15\n_initWorker@resource:///modules/sessionstore/SessionFile.jsm:330:12\n_postToWorker@resource:///modules/sessionstore/SessionFile.jsm:354:11\nwrite@resource:///modules/sessionstore/SessionFile.jsm:394:19\nwrite@resource:///modules/sessionstore/SessionFile.jsm:66:12\n_writeState@resource:///modules/sessionstore/SessionSaver.jsm:357:12\n_saveState@resource:///modules/sessionstore/SessionSaver.jsm:295:12\n_saveStateAsync@resource:///modules/sessionstore/SessionSaver.jsm:341:5\nsaveStateAsyncWhenIdle@resource:///modules/sessionstore/SessionSaver.jsm:192:9\n"
1541878428826	Marionette	INFO	Listening on port 33665
1541878429194	Marionette	WARN	TLS certificate errors will be ignored for this session
1541878473224	mozrunner::runner	INFO	Running command: "/usr/bin/firefox" "-marionette" "-foreground" "-no-remote" "-profile" "/tmp/rust_mozprofile.nXyu8KET3jQc"
1541878477305	Marionette	INFO	Listening on port 34869
1541878477347	Marionette	WARN	TLS certificate errors will be ignored for this session
1541878506971	mozrunner::runner	INFO	Running command: "/usr/bin/firefox" "-marionette" "-foreground" "-no-remote" "-profile" "/tmp/rust_mozprofile.6IotJV7SYoGf"
1541878511180	Marionette	INFO	Listening on port 46801
1541878511190	Marionette	WARN	TLS certificate errors will be ignored for this session
1541878546182	mozrunner::runner	INFO	Running command: "/usr/bin/firefox" "-marionette" "-foreground" "-no-remote" "-profile" "/tmp/rust_mozprofile.NJViwzXltZJr"
1541878551587	Marionette	INFO	Listening on port 39181
1541878551609	Marionette	WARN	TLS certificate errors will be ignored for this session
1541882598648	mozrunner::runner	INFO	Running command: "/usr/bin/firefox" "-marionette" "-foreground" "-no-remote" "-profile" "/tmp/rust_mozprofile.MgJbHBHnx7wK"
1541882602675	Marionette	INFO	Listening on port 36719
1541882602763	Marionette	WARN	TLS certificate errors will be ignored for this session

###!!! [Parent][DispatchAsyncMessage] Error: PClientHandle::Msg_PClientHandleOpConstructor Route error: message sent to unknown actor ID

console.warn: LoginRecipes: getRecipes: falling back to a synchronous message for: https://web.whatsapp.com

(firefox:22829): Gtk-CRITICAL **: gtk_window_resize: assertion 'height > 0' failed

###!!! [Parent][DispatchAsyncMessage] Error: PClientSourceOp::Msg___delete__ Route error: message sent to unknown actor ID


###!!! [Parent][DispatchAsyncMessage] Error: PClientSourceOp::Msg___delete__ Route error: message sent to unknown actor ID


###!!! [Parent][DispatchAsyncMessage] Error: PClientSourceOp::Msg___delete__ Route error: message sent to unknown actor ID


###!!! [Parent][DispatchAsyncMessage] Error: PClientSourceOp::Msg___delete__ Route error: message sent to unknown actor ID

[Child 22898, Chrome_ChildThread] WARNING: pipe error (3): Conexão fechada pela outra ponta: file /build/firefox-ZAAwqT/firefox-60.0+linuxmint3+sylvia/ipc/chromium/src/chrome/common/ipc_channel_posix.cc, line 353
1541882859533	mozrunner::runner	INFO	Running command: "/usr/bin/firefox" "-marionette" "-foreground" "-no-remote" "-profile" "/tmp/rust_mozprofile.Z4xMpzoY7WL7"
1541882863973	Marionette	INFO	Listening on port 38119
1541882864046	Marionette	WARN	TLS certificate errors will be ignored for this session
1541883000587	mozrunner::runner	INFO	Running command: "/usr/bin/firefox" "-marionette" "-foreground" "-no-remote" "-profile" "/tmp/rust_mozprofile.RGlOzMNsl9J1"
1541883004770	Marionette	INFO	Listening on port 41411
1541883004860	Marionette	WARN	TLS certificate errors will be ignored for this session
1541883007214	addons.xpi	WARN	Exception running bootstrap method shutdown on activity-stream@mozilla.org: [Exception... "Component returned failure code: 0x80004005 (NS_ERROR_FAILURE) [nsIObserverService.removeObserver]"  nsresult: "0x80004005 (NS_ERROR_FAILURE)"  location: "JS frame :: resource://activity-stream/lib/SnippetsFeed.jsm :: uninit :: line 185"  data: no] Stack trace: uninit()@resource://activity-stream/lib/SnippetsFeed.jsm:185
onAction()@resource://activity-stream/lib/SnippetsFeed.jsm:201
_middleware/</<()@resource://activity-stream/lib/Store.jsm:49
Store/this[method]()@resource://activity-stream/lib/Store.jsm:28
uninit()@resource://activity-stream/lib/Store.jsm:151
uninit()@resource://activity-stream/lib/ActivityStream.jsm:300
uninit()@resource://gre/modules/addons/XPIProvider.jsm -> jar:file:///usr/lib/firefox/browser/features/activity-stream@mozilla.org.xpi!/bootstrap.js:73
shutdown()@resource://gre/modules/addons/XPIProvider.jsm -> jar:file:///usr/lib/firefox/browser/features/activity-stream@mozilla.org.xpi!/bootstrap.js:169
callBootstrapMethod()@resource://gre/modules/addons/XPIProvider.jsm:4436
observe()@resource://gre/modules/addons/XPIProvider.jsm:2287
*** UTM:SVC TimerManager:registerTimer called after profile-before-change notification. Ignoring timer registration for id: telemetry_modules_ping
1541883014424	mozrunner::runner	INFO	Running command: "/usr/bin/firefox" "-marionette" "-foreground" "-no-remote" "-profile" "/tmp/rust_mozprofile.eqgggIxn0G3D"
1541883018896	Marionette	INFO	Listening on port 39627
1541883018946	Marionette	WARN	TLS certificate errors will be ignored for this session
1541883069174	mozrunner::runner	INFO	Running command: "/usr/bin/firefox" "-marionette" "-foreground" "-no-remote" "-profile" "/tmp/rust_mozprofile.VA3mySn2yLGY"
IPDL protocol error: Handler returned error code!

###!!! [Parent][DispatchAsyncMessage] Error: PLayerTransaction::Msg_ReleaseLayer Processing error: message was deserialized, but the handler returned false (indicating failure)

*** UTM:SVC TimerManager:registerTimer called after profile-before-change notification. Ignoring timer registration for id: telemetry_modules_ping
1541883075321	Marionette	INFO	Listening on port 33099
1541883075393	Marionette	WARN	TLS certificate errors will be ignored for this session
1541883430347	mozrunner::runner	INFO	Running command: "/usr/bin/firefox" "-marionette" "-foreground" "-no-remote" "-profile" "/tmp/rust_mozprofile.4HpImxdlNyt1"
1541883436737	Marionette	INFO	Listening on port 42943
1541883436773	Marionette	WARN	TLS certificate errors will be ignored for this session
1541883500744	mozrunner::runner	INFO	Running command: "/usr/bin/firefox" "-marionette" "-foreground" "-no-remote" "-profile" "/tmp/rust_mozprofile.6vbiVHBnnETL"
1541883507748	Marionette	INFO	Listening on port 37229
1541883507776	Marionette	WARN	TLS certificate errors will be ignored for this session
1541883543261	mozrunner::runner	INFO	Running command: "/usr/bin/firefox" "-marionette" "-foreground" "-no-remote" "-profile" "/tmp/rust_mozprofile.cRxI7ZzUeS8Y"
console.error: (new Error("Connection closed before committing the transaction.", "resource://gre/modules/Sqlite.jsm", 614))
*** UTM:SVC TimerManager:registerTimer called after profile-before-change notification. Ignoring timer registration for id: telemetry_modules_ping
*** UTM:SVC TimerManager:registerTimer called after profile-before-change notification. Ignoring timer registration for id: telemetry_modules_ping
1541883556760	mozrunner::runner	INFO	Running command: "/usr/bin/firefox" "-marionette" "-foreground" "-no-remote" "-profile" "/tmp/rust_mozprofile.Gldx1IGZ5LRM"
1541883561608	Marionette	INFO	Listening on port 37153
1541883561711	Marionette	WARN	TLS certificate errors will be ignored for this session
1541883911129	mozrunner::runner	INFO	Running command: "/usr/bin/firefox" "-marionette" "-foreground" "-no-remote" "-profile" "/tmp/rust_mozprofile.dE4pRMnvCp32"
1541883915115	Marionette	INFO	Listening on port 34105
1541883915149	Marionette	WARN	TLS certificate errors will be ignored for this session
IPDL protocol error: Handler returned error code!

###!!! [Parent][DispatchAsyncMessage] Error: PLayerTransaction::Msg_ReleaseLayer Processing error: message was deserialized, but the handler returned false (indicating failure)


###!!! [Child][RunMessage] Error: Channel closing: too late to send/recv, messages will be lost


###!!! [Child][RunMessage] Error: Channel closing: too late to send/recv, messages will be lost


###!!! [Child][RunMessage] Error: Channel closing: too late to send/recv, messages will be lost


###!!! [Child][RunMessage] Error: Channel closing: too late to send/recv, messages will be lost


###!!! [Child][RunMessage] Error: Channel closing: too late to send/recv, messages will be lost


###!!! [Child][RunMessage] Error: Channel closing: too late to send/recv, messages will be lost


###!!! [Child][RunMessage] Error: Channel closing: too late to send/recv, messages will be lost


###!!! [Child][RunMessage] Error: Channel closing: too late to send/recv, messages will be lost


###!!! [Child][RunMessage] Error: Channel closing: too late to send/recv, messages will be lost


###!!! [Child][RunMessage] Error: Channel closing: too late to send/recv, messages will be lost


###!!! [Child][RunMessage] Error: Channel closing: too late to send/recv, messages will be lost


###!!! [Child][RunMessage] Error: Channel closing: too late to send/recv, messages will be lost


###!!! [Child][RunMessage] Error: Channel closing: too late to send/recv, messages will be lost


###!!! [Child][RunMessage] Error: Channel closing: too late to send/recv, messages will be lost


###!!! [Child][RunMessage] Error: Channel closing: too late to send/recv, messages will be lost


###!!! [Child][RunMessage] Error: Channel closing: too late to send/recv, messages will be lost


###!!! [Child][RunMessage] Error: Channel closing: too late to send/recv, messages will be lost


###!!! [Child][RunMessage] Error: Channel closing: too late to send/recv, messages will be lost


###!!! [Child][RunMessage] Error: Channel closing: too late to send/recv, messages will be lost


###!!! [Child][RunMessage] Error: Channel closing: too late to send/recv, messages will be lost


###!!! [Child][RunMessage] Error: Channel closing: too late to send/recv, messages will be lost


###!!! [Child][RunMessage] Error: Channel closing: too late to send/recv, messages will be lost


###!!! [Child][RunMessage] Error: Channel closing: too late to send/recv, messages will be lost


###!!! [Child][RunMessage] Error: Channel closing: too late to send/recv, messages will be lost


###!!! [Child][RunMessage] Error: Channel closing: too late to send/recv, messages will be lost


###!!! [Child][RunMessage] Error: Channel closing: too late to send/recv, messages will be lost


###!!! [Child][RunMessage] Error: Channel closing: too late to send/recv, messages will be lost


###!!! [Parent][DispatchAsyncMessage] Error: PClientSourceOp::Msg___delete__ Route error: message sent to unknown actor ID


###!!! [Parent][DispatchAsyncMessage] Error: PClientSourceOp::Msg___delete__ Route error: message sent to unknown actor ID


###!!! [Parent][DispatchAsyncMessage] Error: PClientSourceOp::Msg___delete__ Route error: message sent to unknown actor ID


###!!! [Parent][DispatchAsyncMessage] Error: PClientSourceOp::Msg___delete__ Route error: message sent to unknown actor ID


###!!! [Parent][DispatchAsyncMessage] Error: PClientSourceOp::Msg___delete__ Route error: message sent to unknown actor ID


###!!! [Parent][DispatchAsyncMessage] Error: PClientSourceOp::Msg___delete__ Route error: message sent to unknown actor ID


###!!! [Parent][DispatchAsyncMessage] Error: PClientSourceOp::Msg___delete__ Route error: message sent to unknown actor ID


###!!! [Parent][DispatchAsyncMessage] Error: PClientSourceOp::Msg___delete__ Route error: message sent to unknown actor ID


###!!! [Parent][DispatchAsyncMessage] Error: PClientSourceOp::Msg___delete__ Route error: message sent to unknown actor ID


###!!! [Parent][DispatchAsyncMessage] Error: PClientSourceOp::Msg___delete__ Route error: message sent to unknown actor ID

JavaScript error: resource://devtools/shared/base-loader.js -> resource://devtools/server/actors/highlighters/auto-refresh.js, line 201: TypeError: this.win is null
JavaScript error: resource://devtools/shared/base-loader.js -> resource://devtools/server/actors/highlighters/auto-refresh.js, line 201: TypeError: this.win is null
JavaScript error: resource://devtools/shared/base-loader.js -> resource://devtools/server/actors/highlighters/auto-refresh.js, line 201: TypeError: this.win is null
JavaScript error: resource://devtools/shared/base-loader.js -> resource://devtools/server/actors/highlighters/auto-refresh.js, line 201: TypeError: this.win is null
Handler function NetworkEventActorProxy.addSecurityInfo threw an exception: [Exception... "Component returned failure code: 0xc1f30001 (NS_ERROR_NOT_INITIALIZED) [nsIMessageSender.sendAsyncMessage]"  nsresult: "0xc1f30001 (NS_ERROR_NOT_INITIALIZED)"  location: "JS frame :: resource://devtools/shared/base-loader.js -> resource://devtools/shared/webconsole/network-monitor.js :: NetworkEventActorProxy.methodFactory/< :: line 1875"  data: no]
Stack: NetworkEventActorProxy.methodFactory/<@resource://devtools/shared/base-loader.js -> resource://devtools/shared/webconsole/network-monitor.js:1875:5
exports.makeInfallible/<@resource://devtools/shared/base-loader.js -> resource://devtools/shared/ThreadSafeDevToolsUtils.js:109:14
NetworkResponseListener.prototype._getSecurityInfo<@resource://devtools/shared/base-loader.js -> resource://devtools/shared/webconsole/network-monitor.js:521:5
exports.makeInfallible/<@resource://devtools/shared/base-loader.js -> resource://devtools/shared/ThreadSafeDevToolsUtils.js:109:14
onStartRequest@resource://devtools/shared/base-loader.js -> resource://devtools/shared/webconsole/network-monitor.js:441:5
Line: 1875, column: 0
console.error: "Handler function NetworkEventActorProxy.addSecurityInfo threw an exception: [Exception... \"Component returned failure code: 0xc1f30001 (NS_ERROR_NOT_INITIALIZED) [nsIMessageSender.sendAsyncMessage]\"  nsresult: \"0xc1f30001 (NS_ERROR_NOT_INITIALIZED)\"  location: \"JS frame :: resource://devtools/shared/base-loader.js -> resource://devtools/shared/webconsole/network-monitor.js :: NetworkEventActorProxy.methodFactory/< :: line 1875\"  data: no]\nStack: NetworkEventActorProxy.methodFactory/<@resource://devtools/shared/base-loader.js -> resource://devtools/shared/webconsole/network-monitor.js:1875:5\nexports.makeInfallible/<@resource://devtools/shared/base-loader.js -> resource://devtools/shared/ThreadSafeDevToolsUtils.js:109:14\nNetworkResponseListener.prototype._getSecurityInfo<@resource://devtools/shared/base-loader.js -> resource://devtools/shared/webconsole/network-monitor.js:521:5\nexports.makeInfallible/<@resource://devtools/shared/base-loader.js -> resource://devtools/shared/ThreadSafeDevToolsUtils.js:109:14\nonStartRequest@resource://devtools/shared/base-loader.js -> resource://devtools/shared/webconsole/network-monitor.js:441:5\nLine: 1875, column: 0"
Handler function NetworkEventActorProxy.addResponseContent threw an exception: [Exception... "Component returned failure code: 0xc1f30001 (NS_ERROR_NOT_INITIALIZED) [nsIMessageSender.sendAsyncMessage]"  nsresult: "0xc1f30001 (NS_ERROR_NOT_INITIALIZED)"  location: "JS frame :: resource://devtools/shared/base-loader.js -> resource://devtools/shared/webconsole/network-monitor.js :: NetworkEventActorProxy.methodFactory/< :: line 1875"  data: no]
Stack: NetworkEventActorProxy.methodFactory/<@resource://devtools/shared/base-loader.js -> resource://devtools/shared/webconsole/network-monitor.js:1875:5
exports.makeInfallible/<@resource://devtools/shared/base-loader.js -> resource://devtools/shared/ThreadSafeDevToolsUtils.js:109:14
_onComplete@resource://devtools/shared/base-loader.js -> resource://devtools/shared/webconsole/network-monitor.js:651:5
onStreamClose@resource://devtools/shared/base-loader.js -> resource://devtools/shared/webconsole/network-monitor.js:608:7
onInputStreamReady@resource://devtools/shared/base-loader.js -> resource://devtools/shared/webconsole/network-monitor.js:702:7
Line: 1875, column: 0
console.error: "Handler function NetworkEventActorProxy.addResponseContent threw an exception: [Exception... \"Component returned failure code: 0xc1f30001 (NS_ERROR_NOT_INITIALIZED) [nsIMessageSender.sendAsyncMessage]\"  nsresult: \"0xc1f30001 (NS_ERROR_NOT_INITIALIZED)\"  location: \"JS frame :: resource://devtools/shared/base-loader.js -> resource://devtools/shared/webconsole/network-monitor.js :: NetworkEventActorProxy.methodFactory/< :: line 1875\"  data: no]\nStack: NetworkEventActorProxy.methodFactory/<@resource://devtools/shared/base-loader.js -> resource://devtools/shared/webconsole/network-monitor.js:1875:5\nexports.makeInfallible/<@resource://devtools/shared/base-loader.js -> resource://devtools/shared/ThreadSafeDevToolsUtils.js:109:14\n_onComplete@resource://devtools/shared/base-loader.js -> resource://devtools/shared/webconsole/network-monitor.js:651:5\nonStreamClose@resource://devtools/shared/base-loader.js -> resource://devtools/shared/webconsole/network-monitor.js:608:7\nonInputStreamReady@resource://devtools/shared/base-loader.js -> resource://devtools/shared/webconsole/network-monitor.js:702:7\nLine: 1875, column: 0"
[Child 25939, Chrome_ChildThread] WARNING: pipe error (3): Conexão fechada pela outra ponta: file /build/firefox-ZAAwqT/firefox-60.0+linuxmint3+sylvia/ipc/chromium/src/chrome/common/ipc_channel_posix.cc, line 353
1541884291177	mozrunner::runner	INFO	Running command: "/usr/bin/firefox" "-marionette" "-foreground" "-no-remote" "-profile" "/tmp/rust_mozprofile.pIrdTl0XaHeK"
1541884295530	Marionette	INFO	Listening on port 42879
1541884295597	Marionette	WARN	TLS certificate errors will be ignored for this session
1541884347479	mozrunner::runner	INFO	Running command: "/usr/bin/firefox" "-marionette" "-foreground" "-no-remote" "-profile" "/tmp/rust_mozprofile.xJpWiDbYbsV3"

###!!! [Child][RunMessage] Error: Channel closing: too late to send/recv, messages will be lost

*** UTM:SVC TimerManager:registerTimer called after profile-before-change notification. Ignoring timer registration for id: telemetry_modules_ping
1541884356124	Marionette	INFO	Listening on port 46273
1541884356205	Marionette	WARN	TLS certificate errors will be ignored for this session
[GFX1-]: Receive IPC close with reason=AbnormalShutdown
[Child 26748, Chrome_ChildThread] WARNING: pipe error (3): Conexão fechada pela outra ponta: file /build/firefox-ZAAwqT/firefox-60.0+linuxmint3+sylvia/ipc/chromium/src/chrome/common/ipc_channel_posix.cc, line 353
1541884424612	mozrunner::runner	INFO	Running command: "/usr/bin/firefox" "-marionette" "-foreground" "-no-remote" "-profile" "/tmp/rust_mozprofile.As1JsG9Zc9tJ"
1541884428572	Marionette	INFO	Listening on port 45211
1541884428631	Marionette	WARN	TLS certificate errors will be ignored for this session
JavaScript warning: https://www.googletagmanager.com/gtag/js?id=UA-109503568-1, line 83: unreachable code after return statement
JavaScript warning: https://www.googletagmanager.com/gtag/js?id=UA-109503568-1, line 143: unreachable code after return statement
JavaScript warning: https://www.googletagmanager.com/gtag/js?id=UA-109503568-1, line 143: unreachable code after return statement
JavaScript warning: https://www.googletagmanager.com/gtag/js?id=UA-109503568-1, line 143: unreachable code after return statement
JavaScript warning: https://www.googletagmanager.com/gtag/js?id=UA-109503568-1, line 83: unreachable code after return statement
JavaScript warning: https://www.googletagmanager.com/gtag/js?id=UA-109503568-1, line 143: unreachable code after return statement
[Parent 27050, Gecko_IOThread] WARNING: pipe error (120): Conexão fechada pela outra ponta: file /build/firefox-ZAAwqT/firefox-60.0+linuxmint3+sylvia/ipc/chromium/src/chrome/common/ipc_channel_posix.cc, line 353
[Parent 27050, Gecko_IOThread] WARNING: pipe error (112): Conexão fechada pela outra ponta: file /build/firefox-ZAAwqT/firefox-60.0+linuxmint3+sylvia/ipc/chromium/src/chrome/common/ipc_channel_posix.cc, line 353
[Parent 27050, Gecko_IOThread] WARNING: pipe error (81): Conexão fechada pela outra ponta: file /build/firefox-ZAAwqT/firefox-60.0+linuxmint3+sylvia/ipc/chromium/src/chrome/common/ipc_channel_posix.cc, line 353
1541886927310	mozrunner::runner	INFO	Running command: "/usr/bin/firefox" "-marionette" "-foreground" "-no-remote" "-profile" "/tmp/rust_mozprofile.CAcYwZmpSnHU"
1541886931529	Marionette	INFO	Listening on port 44109
1541886931623	Marionette	WARN	TLS certificate errors will be ignored for this session
*** UTM:SVC TimerManager:registerTimer called after profile-before-change notification. Ignoring timer registration for id: telemetry_modules_ping
1541887034542	mozrunner::runner	INFO	Running command: "/usr/bin/firefox" "-marionette" "-foreground" "-no-remote" "-profile" "/tmp/rust_mozprofile.3oOdv1ohihgY"
1541887041394	Marionette	INFO	Listening on port 45397
1541887041494	Marionette	WARN	TLS certificate errors will be ignored for this session
1541887406103	mozrunner::runner	INFO	Running command: "/usr/bin/firefox" "-marionette" "-foreground" "-no-remote" "-profile" "/tmp/rust_mozprofile.KQUMhs8OCVjJ"
1541887410191	Marionette	INFO	Listening on port 40213
1541887410223	Marionette	WARN	TLS certificate errors will be ignored for this session
JavaScript warning: https://www.googletagmanager.com/gtag/js?id=UA-103636475-1, line 83: unreachable code after return statement
JavaScript warning: https://www.googletagmanager.com/gtag/js?id=UA-103636475-1, line 143: unreachable code after return statement
JavaScript warning: https://www.googletagmanager.com/gtag/js?id=UA-103636475-1, line 143: unreachable code after return statement
JavaScript warning: https://www.googletagmanager.com/gtag/js?id=UA-103636475-1, line 143: unreachable code after return statement
JavaScript warning: https://www.googletagmanager.com/gtag/js?id=UA-103636475-1, line 83: unreachable code after return statement
JavaScript warning: https://www.googletagmanager.com/gtag/js?id=UA-103636475-1, line 143: unreachable code after return statement

###!!! [Parent][RunMessage] Error: Channel closing: too late to send/recv, messages will be lost

[Parent 31028, Gecko_IOThread] WARNING: pipe error (75): Conexão fechada pela outra ponta: file /build/firefox-ZAAwqT/firefox-60.0+linuxmint3+sylvia/ipc/chromium/src/chrome/common/ipc_channel_posix.cc, line 353

###!!! [Parent][RunMessage] Error: Channel closing: too late to send/recv, messages will be lost


###!!! [Parent][RunMessage] Error: Channel closing: too late to send/recv, messages will be lost


###!!! [Parent][RunMessage] Error: Channel closing: too late to send/recv, messages will be lost


###!!! [Parent][RunMessage] Error: Channel closing: too late to send/recv, messages will be lost


###!!! [Parent][RunMessage] Error: Channel closing: too late to send/recv, messages will be lost


###!!! [Parent][RunMessage] Error: Channel closing: too late to send/recv, messages will be lost


###!!! [Parent][RunMessage] Error: Channel closing: too late to send/recv, messages will be lost


###!!! [Parent][RunMessage] Error: Channel closing: too late to send/recv, messages will be lost


###!!! [Parent][RunMessage] Error: Channel closing: too late to send/recv, messages will be lost


###!!! [Parent][RunMessage] Error: Channel closing: too late to send/recv, messages will be lost


###!!! [Parent][RunMessage] Error: Channel closing: too late to send/recv, messages will be lost


###!!! [Parent][RunMessage] Error: Channel closing: too late to send/recv, messages will be lost

1541887696797	mozrunner::runner	INFO	Running command: "/usr/bin/firefox" "-marionette" "-foreground" "-no-remote" "-profile" "/tmp/rust_mozprofile.jR3HEZBrUKhX"
1541887702112	Marionette	INFO	Listening on port 45953
1541887702214	Marionette	WARN	TLS certificate errors will be ignored for this session
[Child 31681, Chrome_ChildThread] WARNING: pipe error (3): Conexão fechada pela outra ponta: file /build/firefox-ZAAwqT/firefox-60.0+linuxmint3+sylvia/ipc/chromium/src/chrome/common/ipc_channel_posix.cc, line 353
1541887843804	mozrunner::runner	INFO	Running command: "/usr/bin/firefox" "-marionette" "-foreground" "-no-remote" "-profile" "/tmp/rust_mozprofile.x9tzL6KJJ2rW"
1541887848017	Marionette	INFO	Listening on port 34783
1541887848027	Marionette	WARN	TLS certificate errors will be ignored for this session
1541887980251	mozrunner::runner	INFO	Running command: "/usr/bin/firefox" "-marionette" "-foreground" "-no-remote" "-profile" "/tmp/rust_mozprofile.3USsIIm2ByXO"
1541887983807	Marionette	INFO	Listening on port 37731
1541887983866	Marionette	WARN	TLS certificate errors will be ignored for this session
[GFX1-]: Receive IPC close with reason=AbnormalShutdown
[Child 32431, Chrome_ChildThread] WARNING: pipe error (3): Conexão fechada pela outra ponta: file /build/firefox-ZAAwqT/firefox-60.0+linuxmint3+sylvia/ipc/chromium/src/chrome/common/ipc_channel_posix.cc, line 353
1541888014125	mozrunner::runner	INFO	Running command: "/usr/bin/firefox" "-marionette" "-foreground" "-no-remote" "-profile" "/tmp/rust_mozprofile.uOQ6zEBRGmJ7"
1541888018084	Marionette	INFO	Listening on port 40689
1541888018161	Marionette	WARN	TLS certificate errors will be ignored for this session
[Child 32690, Chrome_ChildThread] WARNING: pipe error (3): Conexão fechada pela outra ponta: file /build/firefox-ZAAwqT/firefox-60.0+linuxmint3+sylvia/ipc/chromium/src/chrome/common/ipc_channel_posix.cc, line 353
1541888105707	mozrunner::runner	INFO	Running command: "/usr/bin/firefox" "-marionette" "-foreground" "-no-remote" "-profile" "/tmp/rust_mozprofile.Am5FDvVD7Hmx"
1541888109848	Marionette	INFO	Listening on port 37433
1541888109921	Marionette	WARN	TLS certificate errors will be ignored for this session
1541888283872	mozrunner::runner	INFO	Running command: "/usr/bin/firefox" "-marionette" "-foreground" "-no-remote" "-profile" "/tmp/rust_mozprofile.ZiSkZedJNrRd"
1541888288488	Marionette	INFO	Listening on port 37509
1541888288595	Marionette	WARN	TLS certificate errors will be ignored for this session
1541888360299	mozrunner::runner	INFO	Running command: "/usr/bin/firefox" "-marionette" "-foreground" "-no-remote" "-profile" "/tmp/rust_mozprofile.qgN5MlRqCWZc"
1541888364849	Marionette	INFO	Listening on port 44995
1541888364914	Marionette	WARN	TLS certificate errors will be ignored for this session
*** UTM:SVC TimerManager:registerTimer called after profile-before-change notification. Ignoring timer registration for id: telemetry_modules_ping
1541888409117	mozrunner::runner	INFO	Running command: "/usr/bin/firefox" "-marionette" "-foreground" "-no-remote" "-profile" "/tmp/rust_mozprofile.pPhIj4AQG1vx"
1541888413128	Marionette	INFO	Listening on port 33559
1541888413132	Marionette	WARN	TLS certificate errors will be ignored for this session
1541888497039	mozrunner::runner	INFO	Running command: "/usr/bin/firefox" "-marionette" "-foreground" "-no-remote" "-profile" "/tmp/rust_mozprofile.kjnC6LjJuY17"
1541888501010	Marionette	INFO	Listening on port 45061
1541888501056	Marionette	WARN	TLS certificate errors will be ignored for this session
[Child 3224, Chrome_ChildThread] WARNING: pipe error (3): Conexão fechada pela outra ponta: file /build/firefox-ZAAwqT/firefox-60.0+linuxmint3+sylvia/ipc/chromium/src/chrome/common/ipc_channel_posix.cc, line 353
1541888580437	mozrunner::runner	INFO	Running command: "/usr/bin/firefox" "-marionette" "-foreground" "-no-remote" "-profile" "/tmp/rust_mozprofile.iErF2wsO9nKo"
1541888584572	Marionette	INFO	Listening on port 35065
1541888584651	Marionette	WARN	TLS certificate errors will be ignored for this session
1541888628142	mozrunner::runner	INFO	Running command: "/usr/bin/firefox" "-marionette" "-foreground" "-no-remote" "-profile" "/tmp/rust_mozprofile.dHh3Z3Rn6Wo9"
1541888633042	Marionette	INFO	Listening on port 44831
1541888633064	Marionette	WARN	TLS certificate errors will be ignored for this session
*** UTM:SVC TimerManager:registerTimer called after profile-before-change notification. Ignoring timer registration for id: telemetry_modules_ping
1541889703774	mozrunner::runner	INFO	Running command: "/usr/bin/firefox" "-marionette" "-foreground" "-no-remote" "-profile" "/tmp/rust_mozprofile.7NsrUAEXTgo8"
1541889707829	Marionette	INFO	Listening on port 43283
1541889707897	Marionette	WARN	TLS certificate errors will be ignored for this session

###!!! [Parent][DispatchAsyncMessage] Error: PClientSourceOp::Msg___delete__ Route error: message sent to unknown actor ID


###!!! [Parent][DispatchAsyncMessage] Error: PClientSourceOp::Msg___delete__ Route error: message sent to unknown actor ID


###!!! [Parent][DispatchAsyncMessage] Error: PClientSourceOp::Msg___delete__ Route error: message sent to unknown actor ID


###!!! [Parent][DispatchAsyncMessage] Error: PClientSourceOp::Msg___delete__ Route error: message sent to unknown actor ID


###!!! [Parent][DispatchAsyncMessage] Error: PClientSourceOp::Msg___delete__ Route error: message sent to unknown actor ID


###!!! [Parent][DispatchAsyncMessage] Error: PClientSourceOp::Msg___delete__ Route error: message sent to unknown actor ID


###!!! [Parent][DispatchAsyncMessage] Error: PClientSourceOp::Msg___delete__ Route error: message sent to unknown actor ID


###!!! [Parent][DispatchAsyncMessage] Error: PClientSourceOp::Msg___delete__ Route error: message sent to unknown actor ID


###!!! [Parent][DispatchAsyncMessage] Error: PClientSourceOp::Msg___delete__ Route error: message sent to unknown actor ID


###!!! [Parent][DispatchAsyncMessage] Error: PClientSourceOp::Msg___delete__ Route error: message sent to unknown actor ID


###!!! [Parent][DispatchAsyncMessage] Error: PClientSourceOp::Msg___delete__ Route error: message sent to unknown actor ID


###!!! [Parent][DispatchAsyncMessage] Error: PClientSourceOp::Msg___delete__ Route error: message sent to unknown actor ID


###!!! [Parent][DispatchAsyncMessage] Error: PClientSourceOp::Msg___delete__ Route error: message sent to unknown actor ID


###!!! [Parent][DispatchAsyncMessage] Error: PClientSourceOp::Msg___delete__ Route error: message sent to unknown actor ID


###!!! [Parent][DispatchAsyncMessage] Error: PClientSourceOp::Msg___delete__ Route error: message sent to unknown actor ID

1541889782532	mozrunner::runner	INFO	Running command: "/usr/bin/firefox" "-marionette" "-foreground" "-no-remote" "-profile" "/tmp/rust_mozprofile.TD9ySTgLd3lP"
1541889786644	Marionette	INFO	Listening on port 39467
1541889786747	Marionette	WARN	TLS certificate errors will be ignored for this session
[Child 5245, Chrome_ChildThread] WARNING: pipe error (17): Conexão fechada pela outra ponta: file /build/firefox-ZAAwqT/firefox-60.0+linuxmint3+sylvia/ipc/chromium/src/chrome/common/ipc_channel_posix.cc, line 353
1541889857820	mozrunner::runner	INFO	Running command: "/usr/bin/firefox" "-marionette" "-foreground" "-no-remote" "-profile" "/tmp/rust_mozprofile.iDsMmHLXJLHL"
1541889861977	Marionette	INFO	Listening on port 46197
1541889862034	Marionette	WARN	TLS certificate errors will be ignored for this session

###!!! [Child][RunMessage] Error: Channel closing: too late to send/recv, messages will be lost

[Parent 5500, Gecko_IOThread] WARNING: pipe error (95): Conexão fechada pela outra ponta: file /build/firefox-ZAAwqT/firefox-60.0+linuxmint3+sylvia/ipc/chromium/src/chrome/common/ipc_channel_posix.cc, line 353
*** UTM:SVC TimerManager:registerTimer called after profile-before-change notification. Ignoring timer registration for id: telemetry_modules_ping
1541889895877	mozrunner::runner	INFO	Running command: "/usr/bin/firefox" "-marionette" "-foreground" "-no-remote" "-profile" "/tmp/rust_mozprofile.GZUMFMWJSD8g"
1541889899250	Marionette	INFO	Listening on port 41257
1541889899293	Marionette	WARN	TLS certificate errors will be ignored for this session
1541889960145	mozrunner::runner	INFO	Running command: "/usr/bin/firefox" "-marionette" "-foreground" "-no-remote" "-profile" "/tmp/rust_mozprofile.BDLiJ2ZRc3qT"
1541889963908	Marionette	INFO	Listening on port 35229
1541889963960	Marionette	WARN	TLS certificate errors will be ignored for this session
1541890086773	mozrunner::runner	INFO	Running command: "/usr/bin/firefox" "-marionette" "-foreground" "-no-remote" "-profile" "/tmp/rust_mozprofile.rY1uABK5eBeg"
1541890090953	Marionette	INFO	Listening on port 34537
1541890090997	Marionette	WARN	TLS certificate errors will be ignored for this session
[Child 6763, Chrome_ChildThread] WARNING: pipe error (3): Conexão fechada pela outra ponta: file /build/firefox-ZAAwqT/firefox-60.0+linuxmint3+sylvia/ipc/chromium/src/chrome/common/ipc_channel_posix.cc, line 353
1541890887521	mozrunner::runner	INFO	Running command: "/usr/bin/firefox" "-marionette" "-foreground" "-no-remote" "-profile" "/tmp/rust_mozprofile.IWjrsvnpv8zC"
1541890891480	Marionette	INFO	Listening on port 35085
1541890891548	Marionette	WARN	TLS certificate errors will be ignored for this session
IPDL protocol error: Handler returned error code!

###!!! [Parent][DispatchAsyncMessage] Error: PLayerTransaction::Msg_ReleaseLayer Processing error: message was deserialized, but the handler returned false (indicating failure)


###!!! [Child][RunMessage] Error: Channel closing: too late to send/recv, messages will be lost

[Parent 7727, Gecko_IOThread] WARNING: pipe error (124): Conexão fechada pela outra ponta: file /build/firefox-ZAAwqT/firefox-60.0+linuxmint3+sylvia/ipc/chromium/src/chrome/common/ipc_channel_posix.cc, line 353
*** UTM:SVC TimerManager:registerTimer called after profile-before-change notification. Ignoring timer registration for id: telemetry_modules_ping
1541890948416	mozrunner::runner	INFO	Running command: "/usr/bin/firefox" "-marionette" "-foreground" "-no-remote" "-profile" "/tmp/rust_mozprofile.CUGia2dS8LHB"
1541890956796	Marionette	INFO	Listening on port 37079
1541890956849	Marionette	WARN	TLS certificate errors will be ignored for this session
[Parent 8169, Gecko_IOThread] WARNING: pipe error (62): Conexão fechada pela outra ponta: file /build/firefox-ZAAwqT/firefox-60.0+linuxmint3+sylvia/ipc/chromium/src/chrome/common/ipc_channel_posix.cc, line 353
1541891073200	mozrunner::runner	INFO	Running command: "/usr/bin/firefox" "-marionette" "-foreground" "-no-remote" "-profile" "/tmp/rust_mozprofile.zVf5ttYyMsCv"
1541891078403	Marionette	INFO	Listening on port 42963
1541891078422	Marionette	WARN	TLS certificate errors will be ignored for this session
[GFX1-]: Receive IPC close with reason=AbnormalShutdown
[Child 8634, Chrome_ChildThread] WARNING: pipe error (3): Conexão fechada pela outra ponta: file /build/firefox-ZAAwqT/firefox-60.0+linuxmint3+sylvia/ipc/chromium/src/chrome/common/ipc_channel_posix.cc, line 353
[GFX1-]: Receive IPC close with reason=AbnormalShutdown
[Child 8604, Chrome_ChildThread] WARNING: pipe error (3): Conexão fechada pela outra ponta: file /build/firefox-ZAAwqT/firefox-60.0+linuxmint3+sylvia/ipc/chromium/src/chrome/common/ipc_channel_posix.cc, line 353
1541891587691	mozrunner::runner	INFO	Running command: "/usr/bin/firefox" "-marionette" "-foreground" "-no-remote" "-profile" "/tmp/rust_mozprofile.2qY77wiJ632Z"
1541891591093	Marionette	INFO	Listening on port 42779
1541891591121	Marionette	WARN	TLS certificate errors will be ignored for this session
[GFX1-]: Receive IPC close with reason=AbnormalShutdown
[Child 9431, Chrome_ChildThread] WARNING: pipe error (3): Conexão fechada pela outra ponta: file /build/firefox-ZAAwqT/firefox-60.0+linuxmint3+sylvia/ipc/chromium/src/chrome/common/ipc_channel_posix.cc, line 353
1541892054388	mozrunner::runner	INFO	Running command: "/usr/bin/firefox" "-marionette" "-foreground" "-no-remote" "-profile" "/tmp/rust_mozprofile.jJ82G6ASyFBH"
1541892059258	Marionette	INFO	Listening on port 38837
1541892059310	Marionette	WARN	TLS certificate errors will be ignored for this session
1541892169264	mozrunner::runner	INFO	Running command: "/usr/bin/firefox" "-marionette" "-foreground" "-no-remote" "-profile" "/tmp/rust_mozprofile.IJKGpkSEPGRX"
1541892173806	Marionette	INFO	Listening on port 40755
1541892173878	Marionette	WARN	TLS certificate errors will be ignored for this session
[GFX1-]: Receive IPC close with reason=AbnormalShutdown
[Child 10529, Chrome_ChildThread] WARNING: pipe error (3): Conexão fechada pela outra ponta: file /build/firefox-ZAAwqT/firefox-60.0+linuxmint3+sylvia/ipc/chromium/src/chrome/common/ipc_channel_posix.cc, line 353
1541892454490	mozrunner::runner	INFO	Running command: "/usr/bin/firefox" "-marionette" "-foreground" "-no-remote" "-profile" "/tmp/rust_mozprofile.NTEmux5et9lm"
1541892458455	Marionette	INFO	Listening on port 36055
1541892458514	Marionette	WARN	TLS certificate errors will be ignored for this session
[GFX1-]: Receive IPC close with reason=AbnormalShutdown
[Child 11019, Chrome_ChildThread] WARNING: pipe error (3): Conexão fechada pela outra ponta: file /build/firefox-ZAAwqT/firefox-60.0+linuxmint3+sylvia/ipc/chromium/src/chrome/common/ipc_channel_posix.cc, line 353
1541892575202	mozrunner::runner	INFO	Running command: "/usr/bin/firefox" "-marionette" "-foreground" "-no-remote" "-profile" "/tmp/rust_mozprofile.44RJRPJqMNkc"
1541892578930	Marionette	INFO	Listening on port 41351
1541892579017	Marionette	WARN	TLS certificate errors will be ignored for this session
[Parent 11170, Gecko_IOThread] WARNING: pipe error (109): Conexão fechada pela outra ponta: file /build/firefox-ZAAwqT/firefox-60.0+linuxmint3+sylvia/ipc/chromium/src/chrome/common/ipc_channel_posix.cc, line 353
*** UTM:SVC TimerManager:registerTimer called after profile-before-change notification. Ignoring timer registration for id: telemetry_modules_ping
1541892642309	mozrunner::runner	INFO	Running command: "/usr/bin/firefox" "-marionette" "-foreground" "-no-remote" "-profile" "/tmp/rust_mozprofile.XeC3OiC0UJAX"
1541892646015	Marionette	INFO	Listening on port 40507
1541892646028	Marionette	WARN	TLS certificate errors will be ignored for this session
1541892930509	mozrunner::runner	INFO	Running command: "/usr/bin/firefox" "-marionette" "-foreground" "-no-remote" "-profile" "/tmp/rust_mozprofile.Lw674FwewusJ"
1541892934419	Marionette	INFO	Listening on port 34587
1541892934426	Marionette	WARN	TLS certificate errors will be ignored for this session
*** UTM:SVC TimerManager:registerTimer called after profile-before-change notification. Ignoring timer registration for id: telemetry_modules_ping
1541892995135	mozrunner::runner	INFO	Running command: "/usr/bin/firefox" "-marionette" "-foreground" "-no-remote" "-profile" "/tmp/rust_mozprofile.rtjf3kH4xDAb"
1541892999938	Marionette	INFO	Listening on port 35829
1541892999958	Marionette	WARN	TLS certificate errors will be ignored for this session

###!!! [Child][RunMessage] Error: Channel closing: too late to send/recv, messages will be lost

1541893234114	mozrunner::runner	INFO	Running command: "/usr/bin/firefox" "-marionette" "-foreground" "-no-remote" "-profile" "/tmp/rust_mozprofile.eOB8oPj03O7r"
1541893238213	Marionette	INFO	Listening on port 35989
1541893238241	Marionette	WARN	TLS certificate errors will be ignored for this session
1541894635482	mozrunner::runner	INFO	Running command: "/usr/bin/firefox" "-marionette" "-foreground" "-no-remote" "-profile" "/tmp/rust_mozprofile.V4JI5voJMRWT"
1541894640165	Marionette	INFO	Listening on port 45259
1541894640203	Marionette	WARN	TLS certificate errors will be ignored for this session
1541894725863	mozrunner::runner	INFO	Running command: "/usr/bin/firefox" "-marionette" "-foreground" "-no-remote" "-profile" "/tmp/rust_mozprofile.mNc1brWvk4cQ"
1541894729795	Marionette	INFO	Listening on port 46883
1541894729878	Marionette	WARN	TLS certificate errors will be ignored for this session
1541896503726	mozrunner::runner	INFO	Running command: "/usr/bin/firefox" "-marionette" "-foreground" "-no-remote" "-profile" "/tmp/rust_mozprofile.7rF5qVO902rd"
1541896507770	Marionette	INFO	Listening on port 42859
1541896507840	Marionette	WARN	TLS certificate errors will be ignored for this session
[Child 18051, Chrome_ChildThread] WARNING: pipe error (3): Conexão fechada pela outra ponta: file /build/firefox-ZAAwqT/firefox-60.0+linuxmint3+sylvia/ipc/chromium/src/chrome/common/ipc_channel_posix.cc, line 353
1541896772879	mozrunner::runner	INFO	Running command: "/usr/bin/firefox" "-marionette" "-foreground" "-no-remote" "-profile" "/tmp/rust_mozprofile.0eMvHwp8H3HJ"
1541896776286	Marionette	INFO	Listening on port 38257
1541896776292	Marionette	WARN	TLS certificate errors will be ignored for this session
1541896802557	mozrunner::runner	INFO	Running command: "/usr/bin/firefox" "-marionette" "-foreground" "-no-remote" "-profile" "/tmp/rust_mozprofile.6JU45OeAP5uP"
1541896806386	Marionette	INFO	Listening on port 37331
1541896806469	Marionette	WARN	TLS certificate errors will be ignored for this session
[Child 19954, Chrome_ChildThread] WARNING: pipe error (3): Conexão fechada pela outra ponta: file /build/firefox-ZAAwqT/firefox-60.0+linuxmint3+sylvia/ipc/chromium/src/chrome/common/ipc_channel_posix.cc, line 353
1541897014614	mozrunner::runner	INFO	Running command: "/usr/bin/firefox" "-marionette" "-foreground" "-no-remote" "-profile" "/tmp/rust_mozprofile.bfTLtsY2eR30"
1541897019729	Marionette	INFO	Listening on port 35541
1541897019831	Marionette	WARN	TLS certificate errors will be ignored for this session

###!!! [Child][RunMessage] Error: Channel closing: too late to send/recv, messages will be lost


###!!! [Child][RunMessage] Error: Channel closing: too late to send/recv, messages will be lost

[Parent 22364, Gecko_IOThread] WARNING: pipe error (96): Conexão fechada pela outra ponta: file /build/firefox-ZAAwqT/firefox-60.0+linuxmint3+sylvia/ipc/chromium/src/chrome/common/ipc_channel_posix.cc, line 353
[Parent 22364, Gecko_IOThread] WARNING: pipe error (62): Conexão fechada pela outra ponta: file /build/firefox-ZAAwqT/firefox-60.0+linuxmint3+sylvia/ipc/chromium/src/chrome/common/ipc_channel_posix.cc, line 353
1541897193533	mozrunner::runner	INFO	Running command: "/usr/bin/firefox" "-marionette" "-foreground" "-no-remote" "-profile" "/tmp/rust_mozprofile.LMyyEl7R9IZN"
1541897197472	Marionette	INFO	Listening on port 36981
1541897197546	Marionette	WARN	TLS certificate errors will be ignored for this session

###!!! [Child][RunMessage] Error: Channel closing: too late to send/recv, messages will be lost


###!!! [Child][RunMessage] Error: Channel closing: too late to send/recv, messages will be lost


###!!! [Child][RunMessage] Error: Channel closing: too late to send/recv, messages will be lost


###!!! [Child][RunMessage] Error: Channel closing: too late to send/recv, messages will be lost


###!!! [Child][RunMessage] Error: Channel closing: too late to send/recv, messages will be lost


###!!! [Child][RunMessage] Error: Channel closing: too late to send/recv, messages will be lost


###!!! [Child][RunMessage] Error: Channel closing: too late to send/recv, messages will be lost

[Parent 24121, Gecko_IOThread] WARNING: pipe error (105): Conexão fechada pela outra ponta: file /build/firefox-ZAAwqT/firefox-60.0+linuxmint3+sylvia/ipc/chromium/src/chrome/common/ipc_channel_posix.cc, line 353
[Parent 24121, Gecko_IOThread] WARNING: pipe error (83): Conexão fechada pela outra ponta: file /build/firefox-ZAAwqT/firefox-60.0+linuxmint3+sylvia/ipc/chromium/src/chrome/common/ipc_channel_posix.cc, line 353
1541897383497	mozrunner::runner	INFO	Running command: "/usr/bin/firefox" "-marionette" "-foreground" "-no-remote" "-profile" "/tmp/rust_mozprofile.9J1WH2pUjKiP"
1541897389872	Marionette	INFO	Listening on port 36927
1541897389919	Marionette	WARN	TLS certificate errors will be ignored for this session
1541897608351	mozrunner::runner	INFO	Running command: "/usr/bin/firefox" "-marionette" "-foreground" "-no-remote" "-profile" "/tmp/rust_mozprofile.LCDAqZCm3hkP"
1541897613481	Marionette	INFO	Listening on port 40995
1541897613572	Marionette	WARN	TLS certificate errors will be ignored for this session
[Child 28552, Chrome_ChildThread] WARNING: pipe error (17): Conexão fechada pela outra ponta: file /build/firefox-ZAAwqT/firefox-60.0+linuxmint3+sylvia/ipc/chromium/src/chrome/common/ipc_channel_posix.cc, line 353
1541897846912	mozrunner::runner	INFO	Running command: "/usr/bin/firefox" "-marionette" "-foreground" "-no-remote" "-profile" "/tmp/rust_mozprofile.ffaV7FG0nzbP"
1541897851267	Marionette	INFO	Listening on port 34455
1541897851326	Marionette	WARN	TLS certificate errors will be ignored for this session
1541898091754	mozrunner::runner	INFO	Running command: "/usr/bin/firefox" "-marionette" "-foreground" "-no-remote" "-profile" "/tmp/rust_mozprofile.FBKe2UkiXu9R"
1541898096094	Marionette	INFO	Listening on port 36657
1541898096168	Marionette	WARN	TLS certificate errors will be ignored for this session
JavaScript error: resource://devtools/shared/base-loader.js -> resource://devtools/server/actors/highlighters/auto-refresh.js, line 201: TypeError: this.win is null
JavaScript error: resource://devtools/shared/base-loader.js -> resource://devtools/server/actors/highlighters/auto-refresh.js, line 201: TypeError: this.win is null
JavaScript error: resource://devtools/shared/base-loader.js -> resource://devtools/server/actors/highlighters/auto-refresh.js, line 201: TypeError: this.win is null
JavaScript error: resource://devtools/shared/base-loader.js -> resource://devtools/server/actors/highlighters/auto-refresh.js, line 201: TypeError: this.win is null
JavaScript error: resource://devtools/shared/base-loader.js -> resource://devtools/server/actors/highlighters/auto-refresh.js, line 201: TypeError: this.win is null
JavaScript error: resource://devtools/shared/base-loader.js -> resource://devtools/server/actors/highlighters/auto-refresh.js, line 201: TypeError: this.win is null
JavaScript error: resource://devtools/shared/base-loader.js -> resource://devtools/server/actors/highlighters/auto-refresh.js, line 201: TypeError: this.win is null
JavaScript error: resource://devtools/shared/base-loader.js -> resource://devtools/server/actors/highlighters/auto-refresh.js, line 201: TypeError: this.win is null
JavaScript error: resource://devtools/shared/base-loader.js -> resource://devtools/server/actors/highlighters/auto-refresh.js, line 201: TypeError: this.win is null
JavaScript error: resource://devtools/shared/base-loader.js -> resource://devtools/server/actors/highlighters/auto-refresh.js, line 201: TypeError: this.win is null
JavaScript error: resource://devtools/shared/base-loader.js -> resource://devtools/server/actors/highlighters/auto-refresh.js, line 201: TypeError: this.win is null
JavaScript error: resource://devtools/shared/base-loader.js -> resource://devtools/server/actors/highlighters/auto-refresh.js, line 201: TypeError: this.win is null
JavaScript error: resource://devtools/shared/base-loader.js -> resource://devtools/server/actors/highlighters/auto-refresh.js, line 201: TypeError: this.win is null
JavaScript error: resource://devtools/shared/base-loader.js -> resource://devtools/server/actors/highlighters/auto-refresh.js, line 201: TypeError: this.win is null
JavaScript error: resource://devtools/shared/base-loader.js -> resource://devtools/server/actors/highlighters/auto-refresh.js, line 201: TypeError: this.win is null
[Parent 30467, Gecko_IOThread] WARNING: pipe error (62): Conexão fechada pela outra ponta: file /build/firefox-ZAAwqT/firefox-60.0+linuxmint3+sylvia/ipc/chromium/src/chrome/common/ipc_channel_posix.cc, line 353
1541898321711	mozrunner::runner	INFO	Running command: "/usr/bin/firefox" "-marionette" "-foreground" "-no-remote" "-profile" "/tmp/rust_mozprofile.XhA4eRHiGKKj"
1541898324618	mozrunner::runner	INFO	Running command: "/usr/bin/firefox" "-marionette" "-foreground" "-no-remote" "-profile" "/tmp/rust_mozprofile.0qioxHwiDRF9"
1541898328956	Marionette	INFO	Listening on port 45255
1541898329031	Marionette	WARN	TLS certificate errors will be ignored for this session
[GFX1-]: Receive IPC close with reason=AbnormalShutdown
[Child 32355, Chrome_ChildThread] WARNING: pipe error (3): Conexão fechada pela outra ponta: file /build/firefox-ZAAwqT/firefox-60.0+linuxmint3+sylvia/ipc/chromium/src/chrome/common/ipc_channel_posix.cc, line 353
1541898538840	mozrunner::runner	INFO	Running command: "/usr/bin/firefox" "-marionette" "-foreground" "-no-remote" "-profile" "/tmp/rust_mozprofile.8EDxjK8XwA4E"
1541898542548	Marionette	INFO	Listening on port 41917
1541898542555	Marionette	WARN	TLS certificate errors will be ignored for this session
